
*** Running vivado
    with args -log stringsrom_blk_mem_gen_0_0.vds -m64 -product Vivado -mode batch -messageDb vivado.pb -notrace -source stringsrom_blk_mem_gen_0_0.tcl


****** Vivado v2017.2 (64-bit)
  **** SW Build 1909853 on Thu Jun 15 18:39:09 MDT 2017
  **** IP Build 1909766 on Thu Jun 15 19:58:00 MDT 2017
    ** Copyright 1986-2017 Xilinx, Inc. All Rights Reserved.

source stringsrom_blk_mem_gen_0_0.tcl -notrace
Starting RTL Elaboration : Time (s): cpu = 00:00:06 ; elapsed = 00:00:06 . Memory (MB): peak = 321.598 ; gain = 81.465
INFO: [Synth 8-638] synthesizing module 'stringsrom_blk_mem_gen_0_0' [c:/Users/tim/fpgaprojects/factorise2/factorise2.srcs/sources_1/bd/stringsrom/ip/stringsrom_blk_mem_gen_0_0/synth/stringsrom_blk_mem_gen_0_0.vhd:68]
INFO: [Synth 8-256] done synthesizing module 'stringsrom_blk_mem_gen_0_0' (9#1) [c:/Users/tim/fpgaprojects/factorise2/factorise2.srcs/sources_1/bd/stringsrom/ip/stringsrom_blk_mem_gen_0_0/synth/stringsrom_blk_mem_gen_0_0.vhd:68]
Finished RTL Elaboration : Time (s): cpu = 00:00:49 ; elapsed = 00:00:49 . Memory (MB): peak = 527.238 ; gain = 287.105
Finished RTL Optimization Phase 1 : Time (s): cpu = 00:00:49 ; elapsed = 00:00:49 . Memory (MB): peak = 527.238 ; gain = 287.105
INFO: [Device 21-403] Loading part xc7a35tcpg236-1
Constraint Validation Runtime : Time (s): cpu = 00:00:00 ; elapsed = 00:00:00.013 . Memory (MB): peak = 582.813 ; gain = 0.000
Finished Constraint Validation : Time (s): cpu = 00:00:59 ; elapsed = 00:00:59 . Memory (MB): peak = 582.813 ; gain = 342.680
Finished Loading Part and Timing Information : Time (s): cpu = 00:00:59 ; elapsed = 00:00:59 . Memory (MB): peak = 582.813 ; gain = 342.680
Finished applying 'set_property' XDC Constraints : Time (s): cpu = 00:00:59 ; elapsed = 00:01:00 . Memory (MB): peak = 582.813 ; gain = 342.680
Finished RTL Optimization Phase 2 : Time (s): cpu = 00:00:59 ; elapsed = 00:01:00 . Memory (MB): peak = 582.813 ; gain = 342.680
Finished Cross Boundary and Area Optimization : Time (s): cpu = 00:00:59 ; elapsed = 00:01:00 . Memory (MB): peak = 582.813 ; gain = 342.680
Finished Applying XDC Timing Constraints : Time (s): cpu = 00:01:10 ; elapsed = 00:01:11 . Memory (MB): peak = 609.121 ; gain = 368.988
Finished Timing Optimization : Time (s): cpu = 00:01:10 ; elapsed = 00:01:11 . Memory (MB): peak = 609.121 ; gain = 368.988
Finished Technology Mapping : Time (s): cpu = 00:01:10 ; elapsed = 00:01:11 . Memory (MB): peak = 619.262 ; gain = 379.129
Finished IO Insertion : Time (s): cpu = 00:01:11 ; elapsed = 00:01:12 . Memory (MB): peak = 619.262 ; gain = 379.129
Finished Renaming Generated Instances : Time (s): cpu = 00:01:11 ; elapsed = 00:01:12 . Memory (MB): peak = 619.262 ; gain = 379.129
Finished Rebuilding User Hierarchy : Time (s): cpu = 00:01:11 ; elapsed = 00:01:12 . Memory (MB): peak = 619.262 ; gain = 379.129
Finished Renaming Generated Ports : Time (s): cpu = 00:01:11 ; elapsed = 00:01:12 . Memory (MB): peak = 619.262 ; gain = 379.129
Finished Handling Custom Attributes : Time (s): cpu = 00:01:11 ; elapsed = 00:01:12 . Memory (MB): peak = 619.262 ; gain = 379.129
Finished Renaming Generated Nets : Time (s): cpu = 00:01:11 ; elapsed = 00:01:12 . Memory (MB): peak = 619.262 ; gain = 379.129

Report Cell Usage: 
+------+---------+------+
|      |Cell     |Count |
+------+---------+------+
|1     |RAMB18E1 |     1|
+------+---------+------+
Finished Writing Synthesis Report : Time (s): cpu = 00:01:11 ; elapsed = 00:01:12 . Memory (MB): peak = 619.262 ; gain = 379.129
synth_design: Time (s): cpu = 00:01:12 ; elapsed = 00:01:13 . Memory (MB): peak = 631.789 ; gain = 392.281
